<?xml version="1.0" encoding="UTF-8"?>
<testng-results ignored="0" total="2" passed="2" failed="0" skipped="0">
  <reporter-output>
  </reporter-output>
  <suite started-at="2024-10-16T10:25:37 CDT" name="master suite" finished-at="2024-10-16T10:25:50 CDT" duration-ms="13377">
    <groups>
      <group name="Master">
        <method signature="TC001_AccountRegistrationTest.verify_account_registration()[pri:0, instance:testcases.TC001_AccountRegistrationTest@7f3b84b8]" name="verify_account_registration" class="testcases.TC001_AccountRegistrationTest"/>
        <method signature="TC002_LoginTest.verify_login()[pri:0, instance:testcases.TC002_LoginTest@c8c12ac]" name="verify_login" class="testcases.TC002_LoginTest"/>
      </group> <!-- Master -->
      <group name="Sanity">
        <method signature="TC002_LoginTest.verify_login()[pri:0, instance:testcases.TC002_LoginTest@c8c12ac]" name="verify_login" class="testcases.TC002_LoginTest"/>
      </group> <!-- Sanity -->
      <group name="Regression">
        <method signature="TC001_AccountRegistrationTest.verify_account_registration()[pri:0, instance:testcases.TC001_AccountRegistrationTest@7f3b84b8]" name="verify_account_registration" class="testcases.TC001_AccountRegistrationTest"/>
      </group> <!-- Regression -->
    </groups>
    <test started-at="2024-10-16T10:25:37 CDT" name="Test" finished-at="2024-10-16T10:25:50 CDT" duration-ms="13377">
      <class name="testcases.TC001_AccountRegistrationTest">
        <test-method is-config="true" signature="setup(java.lang.String,java.lang.String)[pri:0, instance:testcases.TC001_AccountRegistrationTest@7f3b84b8]" started-at="2024-10-16T10:25:37 CDT" name="setup" finished-at="2024-10-16T10:25:42 CDT" duration-ms="4773" status="PASS">
          <params>
            <param index="0">
              <value>
                <![CDATA[Windows]]>
              </value>
            </param>
            <param index="1">
              <value>
                <![CDATA[chrome]]>
              </value>
            </param>
          </params>
          <reporter-output>
          </reporter-output>
        </test-method> <!-- setup -->
        <test-method signature="verify_account_registration()[pri:0, instance:testcases.TC001_AccountRegistrationTest@7f3b84b8]" started-at="2024-10-16T10:25:42 CDT" name="verify_account_registration" finished-at="2024-10-16T10:25:45 CDT" duration-ms="2601" status="PASS">
          <reporter-output>
          </reporter-output>
        </test-method> <!-- verify_account_registration -->
        <test-method is-config="true" signature="tearDown()[pri:0, instance:testcases.TC001_AccountRegistrationTest@7f3b84b8]" started-at="2024-10-16T10:25:45 CDT" name="tearDown" finished-at="2024-10-16T10:25:45 CDT" duration-ms="183" status="PASS">
          <reporter-output>
          </reporter-output>
        </test-method> <!-- tearDown -->
      </class> <!-- testcases.TC001_AccountRegistrationTest -->
      <class name="testcases.TC002_LoginTest">
        <test-method is-config="true" signature="setup(java.lang.String,java.lang.String)[pri:0, instance:testcases.TC002_LoginTest@c8c12ac]" started-at="2024-10-16T10:25:45 CDT" name="setup" finished-at="2024-10-16T10:25:48 CDT" duration-ms="3641" status="PASS">
          <params>
            <param index="0">
              <value>
                <![CDATA[Windows]]>
              </value>
            </param>
            <param index="1">
              <value>
                <![CDATA[chrome]]>
              </value>
            </param>
          </params>
          <reporter-output>
          </reporter-output>
        </test-method> <!-- setup -->
        <test-method signature="verify_login()[pri:0, instance:testcases.TC002_LoginTest@c8c12ac]" started-at="2024-10-16T10:25:48 CDT" name="verify_login" finished-at="2024-10-16T10:25:50 CDT" duration-ms="1737" status="PASS">
          <reporter-output>
          </reporter-output>
        </test-method> <!-- verify_login -->
        <test-method is-config="true" signature="tearDown()[pri:0, instance:testcases.TC002_LoginTest@c8c12ac]" started-at="2024-10-16T10:25:50 CDT" name="tearDown" finished-at="2024-10-16T10:25:50 CDT" duration-ms="212" status="PASS">
          <reporter-output>
          </reporter-output>
        </test-method> <!-- tearDown -->
      </class> <!-- testcases.TC002_LoginTest -->
    </test> <!-- Test -->
  </suite> <!-- master suite -->
</testng-results>
