<?xml version="1.0" encoding="UTF-8"?>
<testng-results ignored="0" total="2" passed="2" failed="0" skipped="0">
  <reporter-output>
  </reporter-output>
  <suite started-at="2024-10-16T09:39:14 CDT" name="master suite" finished-at="2024-10-16T09:39:27 CDT" duration-ms="12640">
    <groups>
      <group name="Master">
        <method signature="TC001_AccountRegistrationTest.verify_account_registration()[pri:0, instance:testcases.TC001_AccountRegistrationTest@2d7275fc]" name="verify_account_registration" class="testcases.TC001_AccountRegistrationTest"/>
        <method signature="TC002_LoginTest.verify_login()[pri:0, instance:testcases.TC002_LoginTest@36bc55de]" name="verify_login" class="testcases.TC002_LoginTest"/>
      </group> <!-- Master -->
      <group name="Sanity">
        <method signature="TC002_LoginTest.verify_login()[pri:0, instance:testcases.TC002_LoginTest@36bc55de]" name="verify_login" class="testcases.TC002_LoginTest"/>
      </group> <!-- Sanity -->
      <group name="Regression">
        <method signature="TC001_AccountRegistrationTest.verify_account_registration()[pri:0, instance:testcases.TC001_AccountRegistrationTest@2d7275fc]" name="verify_account_registration" class="testcases.TC001_AccountRegistrationTest"/>
      </group> <!-- Regression -->
    </groups>
    <test started-at="2024-10-16T09:39:14 CDT" name="Test" finished-at="2024-10-16T09:39:27 CDT" duration-ms="12640">
      <class name="testcases.TC001_AccountRegistrationTest">
        <test-method is-config="true" signature="setup(java.lang.String,java.lang.String)[pri:0, instance:testcases.TC001_AccountRegistrationTest@2d7275fc]" started-at="2024-10-16T09:39:14 CDT" name="setup" finished-at="2024-10-16T09:39:18 CDT" duration-ms="4151" status="PASS">
          <params>
            <param index="0">
              <value>
                <![CDATA[Windows]]>
              </value>
            </param>
            <param index="1">
              <value>
                <![CDATA[chrome]]>
              </value>
            </param>
          </params>
          <reporter-output>
          </reporter-output>
        </test-method> <!-- setup -->
        <test-method signature="verify_account_registration()[pri:0, instance:testcases.TC001_AccountRegistrationTest@2d7275fc]" started-at="2024-10-16T09:39:18 CDT" name="verify_account_registration" finished-at="2024-10-16T09:39:21 CDT" duration-ms="2403" status="PASS">
          <reporter-output>
          </reporter-output>
        </test-method> <!-- verify_account_registration -->
        <test-method is-config="true" signature="tearDown()[pri:0, instance:testcases.TC001_AccountRegistrationTest@2d7275fc]" started-at="2024-10-16T09:39:21 CDT" name="tearDown" finished-at="2024-10-16T09:39:21 CDT" duration-ms="225" status="PASS">
          <reporter-output>
          </reporter-output>
        </test-method> <!-- tearDown -->
      </class> <!-- testcases.TC001_AccountRegistrationTest -->
      <class name="testcases.TC002_LoginTest">
        <test-method is-config="true" signature="setup(java.lang.String,java.lang.String)[pri:0, instance:testcases.TC002_LoginTest@36bc55de]" started-at="2024-10-16T09:39:21 CDT" name="setup" finished-at="2024-10-16T09:39:25 CDT" duration-ms="3565" status="PASS">
          <params>
            <param index="0">
              <value>
                <![CDATA[Windows]]>
              </value>
            </param>
            <param index="1">
              <value>
                <![CDATA[chrome]]>
              </value>
            </param>
          </params>
          <reporter-output>
          </reporter-output>
        </test-method> <!-- setup -->
        <test-method signature="verify_login()[pri:0, instance:testcases.TC002_LoginTest@36bc55de]" started-at="2024-10-16T09:39:25 CDT" name="verify_login" finished-at="2024-10-16T09:39:26 CDT" duration-ms="1778" status="PASS">
          <reporter-output>
          </reporter-output>
        </test-method> <!-- verify_login -->
        <test-method is-config="true" signature="tearDown()[pri:0, instance:testcases.TC002_LoginTest@36bc55de]" started-at="2024-10-16T09:39:26 CDT" name="tearDown" finished-at="2024-10-16T09:39:27 CDT" duration-ms="219" status="PASS">
          <reporter-output>
          </reporter-output>
        </test-method> <!-- tearDown -->
      </class> <!-- testcases.TC002_LoginTest -->
    </test> <!-- Test -->
  </suite> <!-- master suite -->
</testng-results>
